   firm_ids  market_ids   quality  satellite  wired
0       1.0         1.0  0.649014        1.0    0.0
1       2.0         1.0  1.181166        1.0    0.0
2       3.0         1.0  0.758453        0.0    1.0
3       4.0         1.0  1.109613        0.0    1.0
4       1.0         2.0  0.845551        1.0    0.0
5       2.0         2.0  0.572665        1.0    0.0
6       3.0         2.0  0.558681        0.0    1.0
7       4.0         2.0  0.178380        0.0    1.0
[[0.         3.04923238]
 [0.         2.5170801 ]
 [0.         2.93979285]
 [0.         2.5886331 ]
 [0.         1.30972586]
 [0.         1.58261223]
 [0.         1.59659633]
 [0.         1.97689687]
 [0.         2.2386503 ]
 [0.         1.84906913]]
Problem Results Summary:
==============================================================================================================
GMM   Objective    Projected    Reduced Hessian  Reduced Hessian  Clipped  Weighting Matrix  Covariance Matrix
Step    Value    Gradient Norm  Min Eigenvalue   Max Eigenvalue   Shares   Condition Number  Condition Number 
----  ---------  -------------  ---------------  ---------------  -------  ----------------  -----------------
 2    +1.2E-20     +2.2E-09        -2.8E-04         +2.1E-03         0         +1.4E+02          +6.8E+17     
==============================================================================================================

Cumulative Statistics:
===========================================================================
Computation  Optimizer  Optimization   Objective   Fixed Point  Contraction
   Time      Converged   Iterations   Evaluations  Iterations   Evaluations
-----------  ---------  ------------  -----------  -----------  -----------
 00:00:22       Yes          0             4          4302         13851   
===========================================================================

Nonlinear Coefficient Estimates (Robust SEs in Parentheses):
============================================================================
 Sigma:    satellite     wired     |  Sigma Squared:  satellite     wired   
---------  ----------  ----------  |  --------------  ----------  ----------
satellite   +1.0E+00               |    satellite      +1.0E+00    +1.0E+00 
           (+3.3E-01)              |                  (+6.6E-01)  (+6.1E-01)
                                   |                                        
  wired     +1.0E+00    +1.0E+00   |      wired        +1.0E+00    +2.0E+00 
           (+2.8E-01)  (+2.6E-02)  |                  (+6.1E-01)  (+5.1E-01)
============================================================================

Beta Estimates (Robust SEs in Parentheses):
==============================================
 quality      prices    satellite     wired   
----------  ----------  ----------  ----------
 +9.4E-01    -1.8E+00    +3.7E+00    +3.6E+00 
(+3.6E-02)  (+4.7E-02)  (+3.9E-02)  (+2.3E-02)
==============================================
Problem Results Summary:
==============================================================================================================
GMM   Objective    Projected    Reduced Hessian  Reduced Hessian  Clipped  Weighting Matrix  Covariance Matrix
Step    Value    Gradient Norm  Min Eigenvalue   Max Eigenvalue   Shares   Condition Number  Condition Number 
----  ---------  -------------  ---------------  ---------------  -------  ----------------  -----------------
 2    +1.2E+00     +1.9E-07        +4.6E-01         +1.6E+01         0         +8.0E+06          +3.7E+19     
==============================================================================================================

Cumulative Statistics:
===========================================================================
Computation  Optimizer  Optimization   Objective   Fixed Point  Contraction
   Time      Converged   Iterations   Evaluations  Iterations   Evaluations
-----------  ---------  ------------  -----------  -----------  -----------
 00:01:13       Yes          23           32         124746       385027   
===========================================================================

Nonlinear Coefficient Estimates (Robust SEs in Parentheses):
============================================================================
 Sigma:    satellite     wired     |  Sigma Squared:  satellite     wired   
---------  ----------  ----------  |  --------------  ----------  ----------
satellite   +7.2E-01               |    satellite      +5.2E-01    -2.7E-01 
           (+4.0E-01)              |                  (+5.7E-01)  (+3.2E-01)
                                   |                                        
  wired     -3.7E-01    +4.1E-07   |      wired        -2.7E-01    +1.4E-01 
           (+4.7E-01)  (+1.6E-05)  |                  (+3.2E-01)  (+3.5E-01)
============================================================================

Beta Estimates (Robust SEs in Parentheses):
==============================================
 quality      prices    satellite     wired   
----------  ----------  ----------  ----------
 +6.7E-01    +8.3E-01    -3.5E+00    -3.4E+00 
(+1.2E-01)  (+1.3E+00)  (+3.6E+00)  (+3.6E+00)
==============================================
